Analysis & Synthesis report for KS
Tue Nov 07 12:54:27 2023
Quartus II 64-Bit Version 13.1.0 Build 162 10/23/2013 SJ Full Version


---------------------
; Table of Contents ;
---------------------
  1. Legal Notice
  2. Analysis & Synthesis Summary
  3. Analysis & Synthesis Settings
  4. Parallel Compilation
  5. Analysis & Synthesis Source Files Read
  6. Analysis & Synthesis Resource Usage Summary
  7. Analysis & Synthesis Resource Utilization by Entity
  8. User-Specified and Inferred Latches
  9. Registers Removed During Synthesis
 10. General Register Statistics
 11. Inverted Register Statistics
 12. Multiplexer Restructuring Statistics (Restructuring Performed)
 13. Elapsed Time Per Partition
 14. Analysis & Synthesis Messages



----------------
; Legal Notice ;
----------------
Copyright (C) 1991-2013 Altera Corporation
Your use of Altera Corporation's design tools, logic functions 
and other software and tools, and its AMPP partner logic 
functions, and any output files from any of the foregoing 
(including device programming or simulation files), and any 
associated documentation or information are expressly subject 
to the terms and conditions of the Altera Program License 
Subscription Agreement, Altera MegaCore Function License 
Agreement, or other applicable license agreement, including, 
without limitation, that your use is for the sole purpose of 
programming logic devices manufactured by Altera and sold by 
Altera or its authorized distributors.  Please refer to the 
applicable agreement for further details.



+-------------------------------------------------------------------------------+
; Analysis & Synthesis Summary                                                  ;
+---------------------------------+---------------------------------------------+
; Analysis & Synthesis Status     ; Successful - Tue Nov 07 12:54:27 2023       ;
; Quartus II 64-Bit Version       ; 13.1.0 Build 162 10/23/2013 SJ Full Version ;
; Revision Name                   ; KS                                          ;
; Top-level Entity Name           ; Block_Design                                ;
; Family                          ; Cyclone V                                   ;
; Logic utilization (in ALMs)     ; N/A                                         ;
; Total registers                 ; 48                                          ;
; Total pins                      ; 37                                          ;
; Total virtual pins              ; 0                                           ;
; Total block memory bits         ; 0                                           ;
; Total DSP Blocks                ; 0                                           ;
; Total HSSI RX PCSs              ; 0                                           ;
; Total HSSI PMA RX Deserializers ; 0                                           ;
; Total HSSI TX PCSs              ; 0                                           ;
; Total HSSI TX Channels          ; 0                                           ;
; Total PLLs                      ; 0                                           ;
; Total DLLs                      ; 0                                           ;
+---------------------------------+---------------------------------------------+


+---------------------------------------------------------------------------------------------------------------------------+
; Analysis & Synthesis Settings                                                                                             ;
+---------------------------------------------------------------------------------+--------------------+--------------------+
; Option                                                                          ; Setting            ; Default Value      ;
+---------------------------------------------------------------------------------+--------------------+--------------------+
; Device                                                                          ; 5CEBA4F23C7        ;                    ;
; Top-level entity name                                                           ; Block_Design       ; KS                 ;
; Family name                                                                     ; Cyclone V          ; Cyclone IV GX      ;
; Use smart compilation                                                           ; Off                ; Off                ;
; Enable parallel Assembler and TimeQuest Timing Analyzer during compilation      ; On                 ; On                 ;
; Enable compact report table                                                     ; Off                ; Off                ;
; Restructure Multiplexers                                                        ; Auto               ; Auto               ;
; MLAB Add Timing Constraints For Mixed-Port Feed-Through Mode Setting Don't Care ; Off                ; Off                ;
; Create Debugging Nodes for IP Cores                                             ; Off                ; Off                ;
; Preserve fewer node names                                                       ; On                 ; On                 ;
; Disable OpenCore Plus hardware evaluation                                       ; Off                ; Off                ;
; Verilog Version                                                                 ; Verilog_2001       ; Verilog_2001       ;
; VHDL Version                                                                    ; VHDL_1993          ; VHDL_1993          ;
; State Machine Processing                                                        ; Auto               ; Auto               ;
; Safe State Machine                                                              ; Off                ; Off                ;
; Extract Verilog State Machines                                                  ; On                 ; On                 ;
; Extract VHDL State Machines                                                     ; On                 ; On                 ;
; Ignore Verilog initial constructs                                               ; Off                ; Off                ;
; Iteration limit for constant Verilog loops                                      ; 5000               ; 5000               ;
; Iteration limit for non-constant Verilog loops                                  ; 250                ; 250                ;
; Add Pass-Through Logic to Inferred RAMs                                         ; On                 ; On                 ;
; Infer RAMs from Raw Logic                                                       ; On                 ; On                 ;
; Parallel Synthesis                                                              ; On                 ; On                 ;
; DSP Block Balancing                                                             ; Auto               ; Auto               ;
; NOT Gate Push-Back                                                              ; On                 ; On                 ;
; Power-Up Don't Care                                                             ; On                 ; On                 ;
; Remove Redundant Logic Cells                                                    ; Off                ; Off                ;
; Remove Duplicate Registers                                                      ; On                 ; On                 ;
; Ignore CARRY Buffers                                                            ; Off                ; Off                ;
; Ignore CASCADE Buffers                                                          ; Off                ; Off                ;
; Ignore GLOBAL Buffers                                                           ; Off                ; Off                ;
; Ignore ROW GLOBAL Buffers                                                       ; Off                ; Off                ;
; Ignore LCELL Buffers                                                            ; Off                ; Off                ;
; Ignore SOFT Buffers                                                             ; On                 ; On                 ;
; Limit AHDL Integers to 32 Bits                                                  ; Off                ; Off                ;
; Optimization Technique                                                          ; Balanced           ; Balanced           ;
; Carry Chain Length                                                              ; 70                 ; 70                 ;
; Auto Carry Chains                                                               ; On                 ; On                 ;
; Auto Open-Drain Pins                                                            ; On                 ; On                 ;
; Perform WYSIWYG Primitive Resynthesis                                           ; Off                ; Off                ;
; Auto ROM Replacement                                                            ; On                 ; On                 ;
; Auto RAM Replacement                                                            ; On                 ; On                 ;
; Auto DSP Block Replacement                                                      ; On                 ; On                 ;
; Auto Shift Register Replacement                                                 ; Auto               ; Auto               ;
; Allow Shift Register Merging across Hierarchies                                 ; Auto               ; Auto               ;
; Auto Clock Enable Replacement                                                   ; On                 ; On                 ;
; Strict RAM Replacement                                                          ; Off                ; Off                ;
; Allow Synchronous Control Signals                                               ; On                 ; On                 ;
; Force Use of Synchronous Clear Signals                                          ; Off                ; Off                ;
; Auto Resource Sharing                                                           ; Off                ; Off                ;
; Allow Any RAM Size For Recognition                                              ; Off                ; Off                ;
; Allow Any ROM Size For Recognition                                              ; Off                ; Off                ;
; Allow Any Shift Register Size For Recognition                                   ; Off                ; Off                ;
; Use LogicLock Constraints during Resource Balancing                             ; On                 ; On                 ;
; Ignore translate_off and synthesis_off directives                               ; Off                ; Off                ;
; Timing-Driven Synthesis                                                         ; On                 ; On                 ;
; Report Parameter Settings                                                       ; On                 ; On                 ;
; Report Source Assignments                                                       ; On                 ; On                 ;
; Report Connectivity Checks                                                      ; On                 ; On                 ;
; Ignore Maximum Fan-Out Assignments                                              ; Off                ; Off                ;
; Synchronization Register Chain Length                                           ; 3                  ; 3                  ;
; PowerPlay Power Optimization                                                    ; Normal compilation ; Normal compilation ;
; HDL message level                                                               ; Level2             ; Level2             ;
; Suppress Register Optimization Related Messages                                 ; Off                ; Off                ;
; Number of Removed Registers Reported in Synthesis Report                        ; 5000               ; 5000               ;
; Number of Swept Nodes Reported in Synthesis Report                              ; 5000               ; 5000               ;
; Number of Inverted Registers Reported in Synthesis Report                       ; 100                ; 100                ;
; Clock MUX Protection                                                            ; On                 ; On                 ;
; Auto Gated Clock Conversion                                                     ; Off                ; Off                ;
; Block Design Naming                                                             ; Auto               ; Auto               ;
; SDC constraint protection                                                       ; Off                ; Off                ;
; Synthesis Effort                                                                ; Auto               ; Auto               ;
; Shift Register Replacement - Allow Asynchronous Clear Signal                    ; On                 ; On                 ;
; Pre-Mapping Resynthesis Optimization                                            ; Off                ; Off                ;
; Analysis & Synthesis Message Level                                              ; Medium             ; Medium             ;
; Disable Register Merging Across Hierarchies                                     ; Auto               ; Auto               ;
; Resource Aware Inference For Block RAM                                          ; On                 ; On                 ;
; Synthesis Seed                                                                  ; 1                  ; 1                  ;
; Automatic Parallel Synthesis                                                    ; Off                ; Off                ;
+---------------------------------------------------------------------------------+--------------------+--------------------+


+------------------------------------------+
; Parallel Compilation                     ;
+----------------------------+-------------+
; Processors                 ; Number      ;
+----------------------------+-------------+
; Number detected on machine ; 12          ;
; Maximum allowed            ; 6           ;
;                            ;             ;
; Average used               ; 1.00        ;
; Maximum used               ; 1           ;
;                            ;             ;
; Usage by Processor         ; % Time Used ;
;     Processor 1            ; 100.0%      ;
;     Processors 2-12        ;   0.0%      ;
+----------------------------+-------------+


+---------------------------------------------------------------------------------------------------------------------------------------------+
; Analysis & Synthesis Source Files Read                                                                                                      ;
+----------------------------------+-----------------+------------------------------------+-----------------------------------------+---------+
; File Name with User-Entered Path ; Used in Netlist ; File Type                          ; File Name with Absolute Path            ; Library ;
+----------------------------------+-----------------+------------------------------------+-----------------------------------------+---------+
; file/Light_Events.vhd            ; yes             ; User VHDL File                     ; D:/EDAtest/EDA_KS/file/Light_Events.vhd ;         ;
; file/Block_Design.bdf            ; yes             ; User Block Diagram/Schematic File  ; D:/EDAtest/EDA_KS/file/Block_Design.bdf ;         ;
; file/Road_Events.vhd             ; yes             ; User VHDL File                     ; D:/EDAtest/EDA_KS/file/Road_Events.vhd  ;         ;
; file/Counter_55.vhd              ; yes             ; User VHDL File                     ; D:/EDAtest/EDA_KS/file/Counter_55.vhd   ;         ;
+----------------------------------+-----------------+------------------------------------+-----------------------------------------+---------+


+-----------------------------------------------------------+
; Analysis & Synthesis Resource Usage Summary               ;
+---------------------------------------------+-------------+
; Resource                                    ; Usage       ;
+---------------------------------------------+-------------+
; Estimate of Logic utilization (ALMs needed) ; 87          ;
;                                             ;             ;
; Combinational ALUT usage for logic          ; 155         ;
;     -- 7 input functions                    ; 0           ;
;     -- 6 input functions                    ; 17          ;
;     -- 5 input functions                    ; 26          ;
;     -- 4 input functions                    ; 35          ;
;     -- <=3 input functions                  ; 77          ;
;                                             ;             ;
; Dedicated logic registers                   ; 48          ;
;                                             ;             ;
; I/O pins                                    ; 37          ;
; Total DSP Blocks                            ; 0           ;
; Maximum fan-out node                        ; START~input ;
; Maximum fan-out                             ; 40          ;
; Total fan-out                               ; 813         ;
; Average fan-out                             ; 2.94        ;
+---------------------------------------------+-------------+


+-----------------------------------------------------------------------------------------------------------------------------------------------------------------------+
; Analysis & Synthesis Resource Utilization by Entity                                                                                                                   ;
+----------------------------+-------------------+--------------+-------------------+------------+------+--------------+---------------------------------+--------------+
; Compilation Hierarchy Node ; LC Combinationals ; LC Registers ; Block Memory Bits ; DSP Blocks ; Pins ; Virtual Pins ; Full Hierarchy Name             ; Library Name ;
+----------------------------+-------------------+--------------+-------------------+------------+------+--------------+---------------------------------+--------------+
; |Block_Design              ; 155 (1)           ; 48 (0)       ; 0                 ; 0          ; 37   ; 0            ; |Block_Design                   ; work         ;
;    |Counter_55:C1|         ; 54 (54)           ; 16 (16)      ; 0                 ; 0          ; 0    ; 0            ; |Block_Design|Counter_55:C1     ; work         ;
;    |Counter_55:C2|         ; 54 (54)           ; 16 (16)      ; 0                 ; 0          ; 0    ; 0            ; |Block_Design|Counter_55:C2     ; work         ;
;    |Light_Events:inst|     ; 43 (43)           ; 14 (14)      ; 0                 ; 0          ; 0    ; 0            ; |Block_Design|Light_Events:inst ; work         ;
;    |Road_Events:inst5|     ; 3 (3)             ; 2 (2)        ; 0                 ; 0          ; 0    ; 0            ; |Block_Design|Road_Events:inst5 ; work         ;
+----------------------------+-------------------+--------------+-------------------+------------+------+--------------+---------------------------------+--------------+
Note: For table entries with two numbers listed, the numbers in parentheses indicate the number of resources of the given type used by the specific entity alone. The numbers listed outside of parentheses indicate the total resources of the given type used by the specific entity and all of its sub-entities in the hierarchy.


+-------------------------------------------------------------------------------------------------------+
; User-Specified and Inferred Latches                                                                   ;
+-----------------------------------------------------+------------------------+------------------------+
; Latch Name                                          ; Latch Enable Signal    ; Free of Timing Hazards ;
+-----------------------------------------------------+------------------------+------------------------+
; Counter_55:C2|CQ[7]                                 ; START                  ; yes                    ;
; Counter_55:C2|CQ[6]                                 ; START                  ; yes                    ;
; Counter_55:C2|CQ[5]                                 ; START                  ; yes                    ;
; Counter_55:C2|CQ[4]                                 ; START                  ; yes                    ;
; Counter_55:C2|CQ[3]                                 ; START                  ; yes                    ;
; Counter_55:C2|CQ[2]                                 ; START                  ; yes                    ;
; Counter_55:C2|CQ[1]                                 ; START                  ; yes                    ;
; Counter_55:C2|CQ[0]                                 ; START                  ; yes                    ;
; Counter_55:C1|CQ[7]                                 ; START                  ; yes                    ;
; Counter_55:C1|CQ[6]                                 ; START                  ; yes                    ;
; Counter_55:C1|CQ[5]                                 ; START                  ; yes                    ;
; Counter_55:C1|CQ[4]                                 ; START                  ; yes                    ;
; Counter_55:C1|CQ[3]                                 ; START                  ; yes                    ;
; Counter_55:C1|CQ[2]                                 ; START                  ; yes                    ;
; Counter_55:C1|CQ[1]                                 ; START                  ; yes                    ;
; Counter_55:C1|CQ[0]                                 ; START                  ; yes                    ;
; Light_Events:inst|\COM1:D_tmp[0]                    ; Light_Events:inst|COM1 ; yes                    ;
; Light_Events:inst|\COM1:D_tmp[1]                    ; Light_Events:inst|COM1 ; yes                    ;
; Counter_55:C2|C                                     ; Counter_55:C2|CQI[0]   ; yes                    ;
; Counter_55:C1|C                                     ; Counter_55:C1|CQI[0]   ; yes                    ;
; Number of user-specified and inferred latches = 20  ;                        ;                        ;
+-----------------------------------------------------+------------------------+------------------------+
Note: All latches listed above may not be present at the end of synthesis due to various synthesis optimizations.


+------------------------------------------------------------+
; Registers Removed During Synthesis                         ;
+---------------------------------------+--------------------+
; Register name                         ; Reason for Removal ;
+---------------------------------------+--------------------+
; Counter_55:C1|temp[0]                 ; Lost fanout        ;
; Counter_55:C2|temp[0]                 ; Lost fanout        ;
; Total Number of Removed Registers = 2 ;                    ;
+---------------------------------------+--------------------+


+------------------------------------------------------+
; General Register Statistics                          ;
+----------------------------------------------+-------+
; Statistic                                    ; Value ;
+----------------------------------------------+-------+
; Total registers                              ; 48    ;
; Number of registers using Synchronous Clear  ; 0     ;
; Number of registers using Synchronous Load   ; 0     ;
; Number of registers using Asynchronous Clear ; 32    ;
; Number of registers using Asynchronous Load  ; 0     ;
; Number of registers using Clock Enable       ; 36    ;
; Number of registers using Preset             ; 0     ;
+----------------------------------------------+-------+


+-----------------------------------------------------+
; Inverted Register Statistics                        ;
+-------------------------------------------+---------+
; Inverted Register                         ; Fan out ;
+-------------------------------------------+---------+
; Light_Events:inst|CTRL1                   ; 15      ;
; Light_Events:inst|CTRL0                   ; 15      ;
; Light_Events:inst|\COM1:CQI1[0]~_emulated ; 1       ;
; Light_Events:inst|\COM1:CQI0[0]~_emulated ; 1       ;
; Light_Events:inst|\COM1:CQI1[2]~_emulated ; 1       ;
; Light_Events:inst|\COM1:CQI1[1]~_emulated ; 1       ;
; Counter_55:C1|COUT                        ; 10      ;
; Light_Events:inst|\COM1:CQI0[1]~_emulated ; 1       ;
; Light_Events:inst|\COM1:CQI0[2]~_emulated ; 1       ;
; Counter_55:C2|COUT                        ; 10      ;
; Total number of inverted registers = 10   ;         ;
+-------------------------------------------+---------+


+-----------------------------------------------------------------------------------------------------------------------------------------------------+
; Multiplexer Restructuring Statistics (Restructuring Performed)                                                                                      ;
+--------------------+-----------+---------------+----------------------+------------------------+------------+---------------------------------------+
; Multiplexer Inputs ; Bus Width ; Baseline Area ; Area if Restructured ; Saving if Restructured ; Registered ; Example Multiplexer Output            ;
+--------------------+-----------+---------------+----------------------+------------------------+------------+---------------------------------------+
; 6:1                ; 2 bits    ; 8 LEs         ; 6 LEs                ; 2 LEs                  ; Yes        ; |Block_Design|Road_Events:inst5|Q[0]  ;
; 3:1                ; 3 bits    ; 6 LEs         ; 6 LEs                ; 0 LEs                  ; No         ; |Block_Design|Light_Events:inst|Q1[0] ;
; 3:1                ; 3 bits    ; 6 LEs         ; 6 LEs                ; 0 LEs                  ; No         ; |Block_Design|Light_Events:inst|Q0[0] ;
; 3:1                ; 4 bits    ; 8 LEs         ; 8 LEs                ; 0 LEs                  ; No         ; |Block_Design|Counter_55:C2|CQI       ;
; 3:1                ; 4 bits    ; 8 LEs         ; 4 LEs                ; 4 LEs                  ; No         ; |Block_Design|Counter_55:C2|CQI       ;
; 3:1                ; 4 bits    ; 8 LEs         ; 8 LEs                ; 0 LEs                  ; No         ; |Block_Design|Counter_55:C1|CQI       ;
; 3:1                ; 4 bits    ; 8 LEs         ; 4 LEs                ; 4 LEs                  ; No         ; |Block_Design|Counter_55:C1|CQI       ;
+--------------------+-----------+---------------+----------------------+------------------------+------------+---------------------------------------+


+-------------------------------+
; Elapsed Time Per Partition    ;
+----------------+--------------+
; Partition Name ; Elapsed Time ;
+----------------+--------------+
; Top            ; 00:00:00     ;
+----------------+--------------+


+-------------------------------+
; Analysis & Synthesis Messages ;
+-------------------------------+
Info: *******************************************************************
Info: Running Quartus II 64-Bit Analysis & Synthesis
    Info: Version 13.1.0 Build 162 10/23/2013 SJ Full Version
    Info: Processing started: Tue Nov 07 12:54:25 2023
Info: Command: quartus_map --read_settings_files=on --write_settings_files=off KS -c KS
Info (11104): Parallel Compilation has detected 12 hyper-threaded processors. However, the extra hyper-threaded processors will not be used by default. Parallel Compilation will use 6 of the 6 physical processors detected instead.
Info (12021): Found 2 design units, including 1 entities, in source file file/light_events.vhd
    Info (12022): Found design unit 1: Light_Events-BEHAV
    Info (12023): Found entity 1: Light_Events
Info (12021): Found 1 design units, including 1 entities, in source file file/block_design.bdf
    Info (12023): Found entity 1: Block_Design
Info (12021): Found 2 design units, including 1 entities, in source file file/road_events.vhd
    Info (12022): Found design unit 1: Road_Events-BEHAV
    Info (12023): Found entity 1: Road_Events
Info (12021): Found 2 design units, including 1 entities, in source file file/counter_55.vhd
    Info (12022): Found design unit 1: Counter_55-BEHAV
    Info (12023): Found entity 1: Counter_55
Info (12127): Elaborating entity "Block_Design" for the top level hierarchy
Info (12128): Elaborating entity "Light_Events" for hierarchy "Light_Events:inst"
Warning (10631): VHDL Process Statement warning at Light_Events.vhd(17): inferring latch(es) for signal or variable "D_tmp", which holds its previous value in one or more paths through the process
Info (10041): Inferred latch for "COM1:D_tmp[0]" at Light_Events.vhd(89)
Info (10041): Inferred latch for "COM1:D_tmp[1]" at Light_Events.vhd(89)
Info (12128): Elaborating entity "Counter_55" for hierarchy "Counter_55:C1"
Warning (10492): VHDL Process Statement warning at Counter_55.vhd(23): signal "START" is read inside the Process Statement but isn't in the Process Statement's sensitivity list
Warning (10631): VHDL Process Statement warning at Counter_55.vhd(17): inferring latch(es) for signal or variable "C", which holds its previous value in one or more paths through the process
Warning (10631): VHDL Process Statement warning at Counter_55.vhd(17): inferring latch(es) for signal or variable "CQ", which holds its previous value in one or more paths through the process
Info (10041): Inferred latch for "CQ[0]" at Counter_55.vhd(17)
Info (10041): Inferred latch for "CQ[1]" at Counter_55.vhd(17)
Info (10041): Inferred latch for "CQ[2]" at Counter_55.vhd(17)
Info (10041): Inferred latch for "CQ[3]" at Counter_55.vhd(17)
Info (10041): Inferred latch for "CQ[4]" at Counter_55.vhd(17)
Info (10041): Inferred latch for "CQ[5]" at Counter_55.vhd(17)
Info (10041): Inferred latch for "CQ[6]" at Counter_55.vhd(17)
Info (10041): Inferred latch for "CQ[7]" at Counter_55.vhd(17)
Info (10041): Inferred latch for "C" at Counter_55.vhd(23)
Info (12128): Elaborating entity "Road_Events" for hierarchy "Road_Events:inst5"
Warning (13012): Latch Counter_55:C2|C has unsafe behavior
    Warning (13013): Ports D and ENA on the latch are fed by the same signal Light_Events:inst|MODE0[2]
Warning (13012): Latch Counter_55:C1|C has unsafe behavior
    Warning (13013): Ports D and ENA on the latch are fed by the same signal Light_Events:inst|MODE1[2]
Warning (13004): Presettable and clearable registers converted to equivalent circuits with latches. Registers power-up to an undefined state, and DEVCLRn places the registers in an undefined state.
    Warning (13310): Register "Light_Events:inst|\COM1:CQI1[0]" is converted into an equivalent circuit using register "Light_Events:inst|\COM1:CQI1[0]~_emulated" and latch "Light_Events:inst|\COM1:CQI1[0]~1"
    Warning (13310): Register "Light_Events:inst|\COM1:CQI1[2]" is converted into an equivalent circuit using register "Light_Events:inst|\COM1:CQI1[2]~_emulated" and latch "Light_Events:inst|\COM1:CQI1[0]~1"
    Warning (13310): Register "Light_Events:inst|\COM1:CQI1[1]" is converted into an equivalent circuit using register "Light_Events:inst|\COM1:CQI1[1]~_emulated" and latch "Light_Events:inst|\COM1:CQI1[0]~1"
    Warning (13310): Register "Light_Events:inst|\COM1:CQI0[0]" is converted into an equivalent circuit using register "Light_Events:inst|\COM1:CQI0[0]~_emulated" and latch "Light_Events:inst|\COM1:CQI1[0]~1"
    Warning (13310): Register "Light_Events:inst|\COM1:CQI0[2]" is converted into an equivalent circuit using register "Light_Events:inst|\COM1:CQI0[2]~_emulated" and latch "Light_Events:inst|\COM1:CQI1[0]~1"
    Warning (13310): Register "Light_Events:inst|\COM1:CQI0[1]" is converted into an equivalent circuit using register "Light_Events:inst|\COM1:CQI0[1]~_emulated" and latch "Light_Events:inst|\COM1:CQI1[0]~1"
    Warning (13310): Register "Counter_55:C2|CQI[6]" is converted into an equivalent circuit using register "Counter_55:C2|CQI[6]~_emulated" and latch "Counter_55:C2|CQI[6]~1"
    Warning (13310): Register "Counter_55:C2|CQI[5]" is converted into an equivalent circuit using register "Counter_55:C2|CQI[5]~_emulated" and latch "Counter_55:C2|CQI[5]~5"
    Warning (13310): Register "Counter_55:C2|CQI[4]" is converted into an equivalent circuit using register "Counter_55:C2|CQI[4]~_emulated" and latch "Counter_55:C2|CQI[4]~9"
    Warning (13310): Register "Counter_55:C2|CQI[2]" is converted into an equivalent circuit using register "Counter_55:C2|CQI[2]~_emulated" and latch "Counter_55:C2|CQI[2]~13"
    Warning (13310): Register "Counter_55:C2|CQI[1]" is converted into an equivalent circuit using register "Counter_55:C2|CQI[1]~_emulated" and latch "Counter_55:C2|CQI[1]~17"
    Warning (13310): Register "Counter_55:C2|CQI[0]" is converted into an equivalent circuit using register "Counter_55:C2|CQI[0]~_emulated" and latch "Counter_55:C2|CQI[0]~21"
    Warning (13310): Register "Counter_55:C1|CQI[6]" is converted into an equivalent circuit using register "Counter_55:C1|CQI[6]~_emulated" and latch "Counter_55:C1|CQI[6]~1"
    Warning (13310): Register "Counter_55:C1|CQI[5]" is converted into an equivalent circuit using register "Counter_55:C1|CQI[5]~_emulated" and latch "Counter_55:C1|CQI[5]~5"
    Warning (13310): Register "Counter_55:C1|CQI[4]" is converted into an equivalent circuit using register "Counter_55:C1|CQI[4]~_emulated" and latch "Counter_55:C1|CQI[4]~9"
    Warning (13310): Register "Counter_55:C1|CQI[2]" is converted into an equivalent circuit using register "Counter_55:C1|CQI[2]~_emulated" and latch "Counter_55:C1|CQI[2]~13"
    Warning (13310): Register "Counter_55:C1|CQI[1]" is converted into an equivalent circuit using register "Counter_55:C1|CQI[1]~_emulated" and latch "Counter_55:C1|CQI[1]~17"
    Warning (13310): Register "Counter_55:C1|CQI[0]" is converted into an equivalent circuit using register "Counter_55:C1|CQI[0]~_emulated" and latch "Counter_55:C1|CQI[0]~21"
Info (286030): Timing-Driven Synthesis is running
Info (17049): 2 registers lost all their fanouts during netlist optimizations.
Info (16010): Generating hard_block partition "hard_block:auto_generated_inst"
    Info (16011): Adding 0 node(s), including 0 DDIO, 0 PLL, 0 transceiver and 0 LCELL
Info (21057): Implemented 202 device resources after synthesis - the final resource count might be different
    Info (21058): Implemented 8 input pins
    Info (21059): Implemented 29 output pins
    Info (21061): Implemented 165 logic cells
Info: Quartus II 64-Bit Analysis & Synthesis was successful. 0 errors, 27 warnings
    Info: Peak virtual memory: 4749 megabytes
    Info: Processing ended: Tue Nov 07 12:54:27 2023
    Info: Elapsed time: 00:00:02
    Info: Total CPU time (on all processors): 00:00:02


